<<<<<<<<<<<<<<<<<<<<<<<<<<<
2019 Jan 12 (Sat): 16:10:42
<<<<<<<<<<<<<<<<<<<<<<<<<<<

======================
Mesher selection: FPBA
======================

=========================================================================================================================
matrixcalc: Thread pinning failed with error: error in initialization of cpu core iterator, invalid socket id provided, 1
=========================================================================================================================

========================================================================
Processing CAD model (for field results)
	[Improved internal geometry representation]
	[Accuracy improvement for long shapes in inhomogeneous mesh regions]
Version 2018.6 (build 20180615)
PBA version 20180615
2019 Jan 12 (Sat): 16:10:43
========================================================================

===========================================
Finished CAD processing (for field results)
===========================================

========================================================================
Processing CAD model
	[Improved internal geometry representation]
	[Accuracy improvement for long shapes in inhomogeneous mesh regions]
Version 2018.6 (build 20180615)
PBA version 20180615
2019 Jan 12 (Sat): 16:10:43
========================================================================

---------------------------------------------
Used point accuracy enhancement value: 0.00%.
---------------------------------------------

=============================================================================
Mesh statistics:
-----------------------------------------------------------------------------
Minimum edge length (x): 0.05 @ mesh line 30 (x)
Maximum edge length (x): 3.31 @ mesh line 61 (x)
Minimum face area (x): 0.00333 @ mesh lines 30 | 48 (y | z)
Maximum face area (x): 10.9 @ mesh lines 61 | 94 (y | z)
Minimum edge length (y): 0.05 @ mesh line 30 (y)
Maximum edge length (y): 3.31 @ mesh line 61 (y)
Minimum face area (y): 0.00333 @ mesh lines 48 | 30 (z | x)
Maximum face area (y): 10.9 @ mesh lines 94 | 61 (z | x)
Minimum edge length (z): 0.0667 @ mesh line 48 (z)
Maximum edge length (z): 3.28 @ mesh line 94 (z)
Minimum face area (z): 0.0025 @ mesh lines 30 | 30 (x | y)
Maximum face area (z): 11 @ mesh lines 61 | 61 (x | y)
Maximum mesh face aspect ratio (x): 65.6 : 1.0  @ mesh lines 30 | 94 (y | z)
Maximum mesh face aspect ratio (y): 65.6 : 1.0  @ mesh lines 94 | 30 (z | x)
Maximum mesh face aspect ratio (z): 66.2 : 1.0  @ mesh lines 61 | 30 (x | y)
=============================================================================

============================================================================
Available resources to store TST cells: 2147102623 (563508.50% of mesh size)
============================================================================

=======================
Finished CAD processing
=======================

------------------------------------------------------------
Parallelization Info
------------------------------------------------------------
Number of concurrent threads: 4
Number of node domains: 4
Number of mesh cells: 365180
------------------------------------------------------------
Node order
3, 1, 2, 0
------------------------------------------------------------

------------------------------------
Mesh: # of points excl. TSTs: 381024
      # of points incl. TSTs: 381024
------------------------------------

1xN000:  <<<<<<<<<<<<<<<<<<<<<<<<<<<
         2019 Jan 12 (Sat): 16:10:44
         <<<<<<<<<<<<<<<<<<<<<<<<<<<

1xN000:  =========================================================================================================================

         matrixcalc: Thread pinning failed with error: error in initialization of cpu core iterator, invalid socket id provided, 1
         =========================================================================================================================

1xN000:  ===============================
         Matrix computation (PBA)
         Version 2018.6 (build 20180615)
         PBA version 20180615
         2019 Jan 12 (Sat): 16:10:44
         ===============================

1xN000:  Shapes are ordered to support shape wise matrix storage
1xN000:  ------------------------------------------------------------------------------
         PBA fill limit is applied in inverse mode.
         PBA fill limit is applied on faces filled with at least 95.45% metal material.
         --------------------------------------------------------------
         detailed accuracy settings:
         --------------------------------------------------------------
         augmented fill limit:       true
         augmented fill limit value: 95.45
         automatic fill limit:       true
         early fill limit:           true
         inverse fill limit:         true
         model complexity:           0.00
         legacy 2015:                false
         fixed point accuracy:       false
         minimum point accuracy:     0
         mesh step inheritance:      false
         accuracy mode:
         ------------------------------------------------------------------------------

1xN000:  =================================
         Finished matrix computation (PBA)
         =================================

1xN000:  >>>>>>>>>>>>>>>>>>>>>>>>>>>
         2019 Jan 12 (Sat): 16:10:52
         >>>>>>>>>>>>>>>>>>>>>>>>>>>



1xN001:  <<<<<<<<<<<<<<<<<<<<<<<<<<<
         2019 Jan 12 (Sat): 16:10:44
         <<<<<<<<<<<<<<<<<<<<<<<<<<<

1xN001:  =========================================================================================================================

         matrixcalc: Thread pinning failed with error: error in initialization of cpu core iterator, invalid socket id provided, 1
         =========================================================================================================================

1xN001:  ===============================
         Matrix computation (PBA)
         Version 2018.6 (build 20180615)
         PBA version 20180615
         2019 Jan 12 (Sat): 16:10:44
         ===============================

1xN001:  Shapes are ordered to support shape wise matrix storage
1xN001:  ------------------------------------------------------------------------------
         PBA fill limit is applied in inverse mode.
         PBA fill limit is applied on faces filled with at least 95.45% metal material.
         --------------------------------------------------------------
         detailed accuracy settings:
         --------------------------------------------------------------
         augmented fill limit:       true
         augmented fill limit value: 95.45
         automatic fill limit:       true
         early fill limit:           true
         inverse fill limit:         true
         model complexity:           0.00
         legacy 2015:                false
         fixed point accuracy:       false
         minimum point accuracy:     0
         mesh step inheritance:      false
         accuracy mode:
         ------------------------------------------------------------------------------

1xN001:  =================================
         Finished matrix computation (PBA)
         =================================

1xN001:  >>>>>>>>>>>>>>>>>>>>>>>>>>>
         2019 Jan 12 (Sat): 16:10:53
         >>>>>>>>>>>>>>>>>>>>>>>>>>>



1xN002:  <<<<<<<<<<<<<<<<<<<<<<<<<<<
         2019 Jan 12 (Sat): 16:10:44
         <<<<<<<<<<<<<<<<<<<<<<<<<<<

1xN002:  =========================================================================================================================

         matrixcalc: Thread pinning failed with error: error in initialization of cpu core iterator, invalid socket id provided, 1
         =========================================================================================================================

1xN002:  ===============================
         Matrix computation (PBA)
         Version 2018.6 (build 20180615)
         PBA version 20180615
         2019 Jan 12 (Sat): 16:10:44
         ===============================

1xN002:  Shapes are ordered to support shape wise matrix storage
1xN002:  ------------------------------------------------------------------------------
         PBA fill limit is applied in inverse mode.
         PBA fill limit is applied on faces filled with at least 95.45% metal material.
         --------------------------------------------------------------
         detailed accuracy settings:
         --------------------------------------------------------------
         augmented fill limit:       true
         augmented fill limit value: 95.45
         automatic fill limit:       true
         early fill limit:           true
         inverse fill limit:         true
         model complexity:           0.00
         legacy 2015:                false
         fixed point accuracy:       false
         minimum point accuracy:     0
         mesh step inheritance:      false
         accuracy mode:
         ------------------------------------------------------------------------------

1xN002:  =================================
         Finished matrix computation (PBA)
         =================================

1xN002:  >>>>>>>>>>>>>>>>>>>>>>>>>>>
         2019 Jan 12 (Sat): 16:10:53
         >>>>>>>>>>>>>>>>>>>>>>>>>>>



1xN003:  <<<<<<<<<<<<<<<<<<<<<<<<<<<
         2019 Jan 12 (Sat): 16:10:44
         <<<<<<<<<<<<<<<<<<<<<<<<<<<

1xN003:  =========================================================================================================================

         matrixcalc: Thread pinning failed with error: error in initialization of cpu core iterator, invalid socket id provided, 1
         =========================================================================================================================

1xN003:  ===============================
         Matrix computation (PBA)
         Version 2018.6 (build 20180615)
         PBA version 20180615
         2019 Jan 12 (Sat): 16:10:44
         ===============================

1xN003:  Shapes are ordered to support shape wise matrix storage
1xN003:  ------------------------------------------------------------------------------
         PBA fill limit is applied in inverse mode.
         PBA fill limit is applied on faces filled with at least 95.45% metal material.
         --------------------------------------------------------------
         detailed accuracy settings:
         --------------------------------------------------------------
         augmented fill limit:       true
         augmented fill limit value: 95.45
         automatic fill limit:       true
         early fill limit:           true
         inverse fill limit:         true
         model complexity:           0.00
         legacy 2015:                false
         fixed point accuracy:       false
         minimum point accuracy:     0
         mesh step inheritance:      false
         accuracy mode:
         ------------------------------------------------------------------------------

1xN003:  discrete edge port "1" is connected to metal material.
1xN003:  ----------------------------------------------------------------
         The following discrete edge port is connected to metal material:
         	1
         ----------------------------------------------------------------

1xN003:  =================================
         Finished matrix computation (PBA)
         =================================

1xN003:  >>>>>>>>>>>>>>>>>>>>>>>>>>>
         2019 Jan 12 (Sat): 16:10:55
         >>>>>>>>>>>>>>>>>>>>>>>>>>>



>>>>>>>>>>>>>>>>>>>>>>>>>>>
2019 Jan 12 (Sat): 16:11:01
>>>>>>>>>>>>>>>>>>>>>>>>>>>

--------------------------------
# of staircase filled cells: 0
# of staircase filled areas: 0
# of staircase filled edges: 0
# of faces above fill limit: 0
# of edges with FPBA topology: 0
--------------------------------

