<<<<<<<<<<<<<<<<<<<<<<<<<<<
2019 Jan 12 (Sat): 17:44:53
<<<<<<<<<<<<<<<<<<<<<<<<<<<

======================
Mesher selection: FPBA
======================

=========================================================================================================================
matrixcalc: Thread pinning failed with error: error in initialization of cpu core iterator, invalid socket id provided, 1
=========================================================================================================================

========================================================================
Processing CAD model (for field results)
	[Improved internal geometry representation]
	[Accuracy improvement for long shapes in inhomogeneous mesh regions]
Version 2018.6 (build 20180615)
PBA version 20180615
2019 Jan 12 (Sat): 17:44:54
========================================================================

===========================================
Finished CAD processing (for field results)
===========================================

========================================================================
Processing CAD model
	[Improved internal geometry representation]
	[Accuracy improvement for long shapes in inhomogeneous mesh regions]
Version 2018.6 (build 20180615)
PBA version 20180615
2019 Jan 12 (Sat): 17:44:54
========================================================================

----------------------------------------------
Used point accuracy enhancement value: 65.00%.
----------------------------------------------

=============================================================================
Mesh statistics:
-----------------------------------------------------------------------------
Minimum edge length (x): 0.994 @ mesh line 8 (x)
Maximum edge length (x): 9.84 @ mesh line 17 (x)
Minimum face area (x): 0.99 @ mesh lines 8 | 10 (y | z)
Maximum face area (x): 92 @ mesh lines 17 | 2 (y | z)
Minimum edge length (y): 0.994 @ mesh line 8 (y)
Maximum edge length (y): 9.84 @ mesh line 17 (y)
Minimum face area (y): 0.99 @ mesh lines 10 | 8 (z | x)
Maximum face area (y): 92 @ mesh lines 2 | 17 (z | x)
Minimum edge length (z): 0.996 @ mesh line 10 (z)
Maximum edge length (z): 9.35 @ mesh line 2 (z)
Minimum face area (z): 0.989 @ mesh lines 8 | 8 (x | y)
Maximum face area (z): 96.8 @ mesh lines 17 | 17 (x | y)
Maximum mesh face aspect ratio (x): 9.88 : 1.0  @ mesh lines 17 | 10 (y | z)
Maximum mesh face aspect ratio (y): 9.88 : 1.0  @ mesh lines 10 | 17 (z | x)
Maximum mesh face aspect ratio (z): 9.9 : 1.0  @ mesh lines 17 | 8 (x | y)
=============================================================================

=============================================================================
Available resources to store TST cells: 2147386472 (2209813.71% of mesh size)
=============================================================================

=======================
Finished CAD processing
=======================

------------------------------------------------------------
Parallelization Info
------------------------------------------------------------
Number of concurrent threads: 2
Number of node domains: 2
Number of mesh cells: 90112
------------------------------------------------------------
Node order
1, 0
------------------------------------------------------------

-----------------------------------
Mesh: # of points excl. TSTs: 97175
      # of points incl. TSTs: 97183
-----------------------------------

1xN000:  <<<<<<<<<<<<<<<<<<<<<<<<<<<
         2019 Jan 12 (Sat): 17:44:55
         <<<<<<<<<<<<<<<<<<<<<<<<<<<

1xN000:  =========================================================================================================================

         matrixcalc: Thread pinning failed with error: error in initialization of cpu core iterator, invalid socket id provided, 1
         =========================================================================================================================

1xN000:  ===============================
         Matrix computation (PBA)
         Version 2018.6 (build 20180615)
         PBA version 20180615
         2019 Jan 12 (Sat): 17:44:55
         ===============================

1xN000:  Shapes are ordered to support shape wise matrix storage
1xN000:  ------------------------------------------------------------------------------
         PBA fill limit is applied in inverse mode.
         PBA fill limit is applied on faces filled with at least 99.00% metal material.
         --------------------------------------------------------------
         detailed accuracy settings:
         --------------------------------------------------------------
         augmented fill limit:       true
         augmented fill limit value: 99.00
         automatic fill limit:       true
         early fill limit:           true
         inverse fill limit:         true
         model complexity:           0.00
         legacy 2015:                false
         fixed point accuracy:       false
         minimum point accuracy:     0
         mesh step inheritance:      false
         accuracy mode:
         ------------------------------------------------------------------------------

1xN000:  =================================
         Finished matrix computation (PBA)
         =================================

1xN000:  >>>>>>>>>>>>>>>>>>>>>>>>>>>
         2019 Jan 12 (Sat): 17:44:58
         >>>>>>>>>>>>>>>>>>>>>>>>>>>



1xN001:  <<<<<<<<<<<<<<<<<<<<<<<<<<<
         2019 Jan 12 (Sat): 17:44:55
         <<<<<<<<<<<<<<<<<<<<<<<<<<<

1xN001:  =========================================================================================================================

         matrixcalc: Thread pinning failed with error: error in initialization of cpu core iterator, invalid socket id provided, 1
         =========================================================================================================================

1xN001:  ===============================
         Matrix computation (PBA)
         Version 2018.6 (build 20180615)
         PBA version 20180615
         2019 Jan 12 (Sat): 17:44:55
         ===============================

1xN001:  Shapes are ordered to support shape wise matrix storage
1xN001:  ------------------------------------------------------------------------------
         PBA fill limit is applied in inverse mode.
         PBA fill limit is applied on faces filled with at least 99.00% metal material.
         --------------------------------------------------------------
         detailed accuracy settings:
         --------------------------------------------------------------
         augmented fill limit:       true
         augmented fill limit value: 99.00
         automatic fill limit:       true
         early fill limit:           true
         inverse fill limit:         true
         model complexity:           0.00
         legacy 2015:                false
         fixed point accuracy:       false
         minimum point accuracy:     0
         mesh step inheritance:      false
         accuracy mode:
         ------------------------------------------------------------------------------

1xN001:  discrete edge port "1" is connected to metal material.
1xN001:  discrete edge port "2" is connected to metal material.
1xN001:  ------------------------------------------------------------------
         The following discrete edge ports are connected to metal material:
         	1, 2
         ------------------------------------------------------------------

1xN001:  =================================
         Finished matrix computation (PBA)
         =================================

1xN001:  >>>>>>>>>>>>>>>>>>>>>>>>>>>
         2019 Jan 12 (Sat): 17:44:59
         >>>>>>>>>>>>>>>>>>>>>>>>>>>



>>>>>>>>>>>>>>>>>>>>>>>>>>>
2019 Jan 12 (Sat): 17:45:02
>>>>>>>>>>>>>>>>>>>>>>>>>>>

--------------------------------
# of staircase filled cells: 0
# of staircase filled areas: 0
# of staircase filled edges: 0
# of faces above fill limit: 0
# of edges with FPBA topology: 0
--------------------------------

--------------------------------
# of staircase filled cells: 0
# of staircase filled areas: 0
# of staircase filled edges: 0
# of faces above fill limit: 0
# of edges with FPBA topology: 0
--------------------------------

