Unknown:
C:\Users\ThomasNotebook\Documents\School\Semester5\hf1\Homework\Bericht_hf1\Simulationen\HertzianDipoleArray\Result\farfield (f=1)1D_1.ffp
C:\Users\ThomasNotebook\Documents\School\Semester5\hf1\Homework\Bericht_hf1\Simulationen\HertzianDipoleArray\Result\farfield (f=1)2D_1.ffp
C:\Users\ThomasNotebook\Documents\School\Semester5\hf1\Homework\Bericht_hf1\Simulationen\HertzianDipoleArray\Result\farfield (f=1)_1.fme
C:\Users\ThomasNotebook\Documents\School\Semester5\hf1\Homework\Bericht_hf1\Simulationen\HertzianDipoleArray\Result\MCalc-Facets-1xN.log
C:\Users\ThomasNotebook\Documents\School\Semester5\hf1\Homework\Bericht_hf1\Simulationen\HertzianDipoleArray\Result\MCalc-Facets-PP.log
C:\Users\ThomasNotebook\Documents\School\Semester5\hf1\Homework\Bericht_hf1\Simulationen\HertzianDipoleArray\Result\MCalc.ddi
C:\Users\ThomasNotebook\Documents\School\Semester5\hf1\Homework\Bericht_hf1\Simulationen\HertzianDipoleArray\Result\MCalc.log
C:\Users\ThomasNotebook\Documents\School\Semester5\hf1\Homework\Bericht_hf1\Simulationen\HertzianDipoleArray\Result\Model.axg
C:\Users\ThomasNotebook\Documents\School\Semester5\hf1\Homework\Bericht_hf1\Simulationen\HertzianDipoleArray\Result\Model.ddi
C:\Users\ThomasNotebook\Documents\School\Semester5\hf1\Homework\Bericht_hf1\Simulationen\HertzianDipoleArray\Result\Model.inf
C:\Users\ThomasNotebook\Documents\School\Semester5\hf1\Homework\Bericht_hf1\Simulationen\HertzianDipoleArray\Result\Model.log
C:\Users\ThomasNotebook\Documents\School\Semester5\hf1\Homework\Bericht_hf1\Simulationen\HertzianDipoleArray\Result\Model.sa
C:\Users\ThomasNotebook\Documents\School\Semester5\hf1\Homework\Bericht_hf1\Simulationen\HertzianDipoleArray\Result\m^fbqq.dsc
C:\Users\ThomasNotebook\Documents\School\Semester5\hf1\Homework\Bericht_hf1\Simulationen\HertzianDipoleArray\Result\m^fifx.dsc
C:\Users\ThomasNotebook\Documents\School\Semester5\hf1\Homework\Bericht_hf1\Simulationen\HertzianDipoleArray\Result\m^fqq.dsc
C:\Users\ThomasNotebook\Documents\School\Semester5\hf1\Homework\Bericht_hf1\Simulationen\HertzianDipoleArray\Result\Ports.web
C:\Users\ThomasNotebook\Documents\School\Semester5\hf1\Homework\Bericht_hf1\Simulationen\HertzianDipoleArray\Result\p^a.dsc
C:\Users\ThomasNotebook\Documents\School\Semester5\hf1\Homework\Bericht_hf1\Simulationen\HertzianDipoleArray\Result\P^m^fbqq.slog
C:\Users\ThomasNotebook\Documents\School\Semester5\hf1\Homework\Bericht_hf1\Simulationen\HertzianDipoleArray\Result\P^m^fqq.slog
C:\Users\ThomasNotebook\Documents\School\Semester5\hf1\Homework\Bericht_hf1\Simulationen\HertzianDipoleArray\Result\P^p^m.slog
C:\Users\ThomasNotebook\Documents\School\Semester5\hf1\Homework\Bericht_hf1\Simulationen\HertzianDipoleArray\Result\P^s^pm.slog
C:\Users\ThomasNotebook\Documents\School\Semester5\hf1\Homework\Bericht_hf1\Simulationen\HertzianDipoleArray\Result\WEP.log
Mesh:
C:\Users\ThomasNotebook\Documents\School\Semester5\hf1\Homework\Bericht_hf1\Simulationen\HertzianDipoleArray\Result\dA.mat
C:\Users\ThomasNotebook\Documents\School\Semester5\hf1\Homework\Bericht_hf1\Simulationen\HertzianDipoleArray\Result\dad.mat
C:\Users\ThomasNotebook\Documents\School\Semester5\hf1\Homework\Bericht_hf1\Simulationen\HertzianDipoleArray\Result\ds.mat
C:\Users\ThomasNotebook\Documents\School\Semester5\hf1\Homework\Bericht_hf1\Simulationen\HertzianDipoleArray\Result\dsd.mat
C:\Users\ThomasNotebook\Documents\School\Semester5\hf1\Homework\Bericht_hf1\Simulationen\HertzianDipoleArray\Result\dsMCalc.mat
C:\Users\ThomasNotebook\Documents\School\Semester5\hf1\Homework\Bericht_hf1\Simulationen\HertzianDipoleArray\Result\Eps.mat
C:\Users\ThomasNotebook\Documents\School\Semester5\hf1\Homework\Bericht_hf1\Simulationen\HertzianDipoleArray\Result\HexMatrix.m2h
C:\Users\ThomasNotebook\Documents\School\Semester5\hf1\Homework\Bericht_hf1\Simulationen\HertzianDipoleArray\Result\HexMatrix_MCalc.m2h
C:\Users\ThomasNotebook\Documents\School\Semester5\hf1\Homework\Bericht_hf1\Simulationen\HertzianDipoleArray\Result\MCalc.fmp
C:\Users\ThomasNotebook\Documents\School\Semester5\hf1\Homework\Bericht_hf1\Simulationen\HertzianDipoleArray\Result\MCalc.xcfd
C:\Users\ThomasNotebook\Documents\School\Semester5\hf1\Homework\Bericht_hf1\Simulationen\HertzianDipoleArray\Result\Model.fmf
C:\Users\ThomasNotebook\Documents\School\Semester5\hf1\Homework\Bericht_hf1\Simulationen\HertzianDipoleArray\Result\Model.fmm
C:\Users\ThomasNotebook\Documents\School\Semester5\hf1\Homework\Bericht_hf1\Simulationen\HertzianDipoleArray\Result\Model.fpc
C:\Users\ThomasNotebook\Documents\School\Semester5\hf1\Homework\Bericht_hf1\Simulationen\HertzianDipoleArray\Result\Model.fsi
C:\Users\ThomasNotebook\Documents\School\Semester5\hf1\Homework\Bericht_hf1\Simulationen\HertzianDipoleArray\Result\Model.fwf
C:\Users\ThomasNotebook\Documents\School\Semester5\hf1\Homework\Bericht_hf1\Simulationen\HertzianDipoleArray\Result\Model.mss
C:\Users\ThomasNotebook\Documents\School\Semester5\hf1\Homework\Bericht_hf1\Simulationen\HertzianDipoleArray\Result\Model.spi
C:\Users\ThomasNotebook\Documents\School\Semester5\hf1\Homework\Bericht_hf1\Simulationen\HertzianDipoleArray\Result\Model.xcfd
C:\Users\ThomasNotebook\Documents\School\Semester5\hf1\Homework\Bericht_hf1\Simulationen\HertzianDipoleArray\Result\Model^PEC.fpf
C:\Users\ThomasNotebook\Documents\School\Semester5\hf1\Homework\Bericht_hf1\Simulationen\HertzianDipoleArray\Result\Mue.mat
C:\Users\ThomasNotebook\Documents\School\Semester5\hf1\Homework\Bericht_hf1\Simulationen\HertzianDipoleArray\Result\m^fbqq.mem
C:\Users\ThomasNotebook\Documents\School\Semester5\hf1\Homework\Bericht_hf1\Simulationen\HertzianDipoleArray\Result\m^fifx.mem
C:\Users\ThomasNotebook\Documents\School\Semester5\hf1\Homework\Bericht_hf1\Simulationen\HertzianDipoleArray\Result\m^fqq.mem
C:\Users\ThomasNotebook\Documents\School\Semester5\hf1\Homework\Bericht_hf1\Simulationen\HertzianDipoleArray\Result\PEC.mat
C:\Users\ThomasNotebook\Documents\School\Semester5\hf1\Homework\Bericht_hf1\Simulationen\HertzianDipoleArray\Result\Ports.fpt
C:\Users\ThomasNotebook\Documents\School\Semester5\hf1\Homework\Bericht_hf1\Simulationen\HertzianDipoleArray\Result\PP.fsi
C:\Users\ThomasNotebook\Documents\School\Semester5\hf1\Homework\Bericht_hf1\Simulationen\HertzianDipoleArray\Result\p^a.mem
C:\Users\ThomasNotebook\Documents\School\Semester5\hf1\Homework\Bericht_hf1\Simulationen\HertzianDipoleArray\Result\p^m.mem
C:\Users\ThomasNotebook\Documents\School\Semester5\hf1\Homework\Bericht_hf1\Simulationen\HertzianDipoleArray\Result\S2HMatrix.m2h
C:\Users\ThomasNotebook\Documents\School\Semester5\hf1\Homework\Bericht_hf1\Simulationen\HertzianDipoleArray\Result\s^pm.mem
Port:
C:\Users\ThomasNotebook\Documents\School\Semester5\hf1\Homework\Bericht_hf1\Simulationen\HertzianDipoleArray\Result\Model.pmi
