<<<<<<<<<<<<<<<<<<<<<<<<<<<
2019 Feb 06 (Wed): 17:57:55
<<<<<<<<<<<<<<<<<<<<<<<<<<<

======================
Mesher selection: FPBA
======================

=========================================================================================================================
matrixcalc: Thread pinning failed with error: error in initialization of cpu core iterator, invalid socket id provided, 1
=========================================================================================================================

========================================================================
Processing CAD model (for field results)
	[Improved internal geometry representation]
	[Accuracy improvement for long shapes in inhomogeneous mesh regions]
Version 2018.6 (build 20180615)
PBA version 20180615
2019 Feb 06 (Wed): 17:57:55
========================================================================

===========================================
Finished CAD processing (for field results)
===========================================

========================================================================
Processing CAD model
	[Improved internal geometry representation]
	[Accuracy improvement for long shapes in inhomogeneous mesh regions]
Version 2018.6 (build 20180615)
PBA version 20180615
2019 Feb 06 (Wed): 17:57:56
========================================================================

----------------------------------------------
Used point accuracy enhancement value: 62.00%.
----------------------------------------------

=============================================================================
Mesh statistics:
-----------------------------------------------------------------------------
Minimum edge length (x): 0.000749 @ mesh line 11 (x)
Maximum edge length (x): 0.00911 @ mesh line 23 (x)
Minimum face area (x): 6.29e-07 @ mesh lines 11 | 72 (y | z)
Maximum face area (x): 9.08e-05 @ mesh lines 23 | 16 (y | z)
Minimum edge length (y): 0.000749 @ mesh line 11 (y)
Maximum edge length (y): 0.00911 @ mesh line 23 (y)
Minimum face area (y): 6.29e-07 @ mesh lines 72 | 11 (z | x)
Maximum face area (y): 9.08e-05 @ mesh lines 16 | 23 (z | x)
Minimum edge length (z): 0.000839 @ mesh line 72 (z)
Maximum edge length (z): 0.00997 @ mesh line 16 (z)
Minimum face area (z): 5.62e-07 @ mesh lines 11 | 11 (x | y)
Maximum face area (z): 8.3e-05 @ mesh lines 23 | 23 (x | y)
Maximum mesh face aspect ratio (x): 13.3 : 1.0  @ mesh lines 11 | 16 (y | z)
Maximum mesh face aspect ratio (y): 13.3 : 1.0  @ mesh lines 16 | 11 (z | x)
Maximum mesh face aspect ratio (z): 12.2 : 1.0  @ mesh lines 23 | 11 (x | y)
=============================================================================

=============================================================================
Available resources to store TST cells: 2147378671 (2045590.11% of mesh size)
=============================================================================

=======================
Finished CAD processing
=======================

------------------------------------------------------------
Parallelization Info
------------------------------------------------------------
Number of concurrent threads: 2
Number of node domains: 2
Number of mesh cells: 96668
------------------------------------------------------------
Node order
1, 0
------------------------------------------------------------

------------------------------------
Mesh: # of points excl. TSTs: 104976
      # of points incl. TSTs: 104976
------------------------------------

1xN000:  <<<<<<<<<<<<<<<<<<<<<<<<<<<
         2019 Feb 06 (Wed): 17:57:56
         <<<<<<<<<<<<<<<<<<<<<<<<<<<

1xN000:  =========================================================================================================================

         matrixcalc: Thread pinning failed with error: error in initialization of cpu core iterator, invalid socket id provided, 1
         =========================================================================================================================

1xN000:  ===============================
         Matrix computation (PBA)
         Version 2018.6 (build 20180615)
         PBA version 20180615
         2019 Feb 06 (Wed): 17:57:56
         ===============================

1xN000:  Shapes are ordered to support shape wise matrix storage
1xN000:  ------------------------------------------------------------------------------
         PBA fill limit is applied in inverse mode.
         PBA fill limit is applied on faces filled with at least 98.81% metal material.
         --------------------------------------------------------------
         detailed accuracy settings:
         --------------------------------------------------------------
         augmented fill limit:       true
         augmented fill limit value: 98.81
         automatic fill limit:       true
         early fill limit:           true
         inverse fill limit:         true
         model complexity:           0.00
         legacy 2015:                false
         fixed point accuracy:       false
         minimum point accuracy:     0
         mesh step inheritance:      false
         accuracy mode:
         ------------------------------------------------------------------------------

1xN000:  =================================
         Finished matrix computation (PBA)
         =================================

1xN000:  >>>>>>>>>>>>>>>>>>>>>>>>>>>
         2019 Feb 06 (Wed): 17:58:01
         >>>>>>>>>>>>>>>>>>>>>>>>>>>



1xN001:  <<<<<<<<<<<<<<<<<<<<<<<<<<<
         2019 Feb 06 (Wed): 17:57:56
         <<<<<<<<<<<<<<<<<<<<<<<<<<<

1xN001:  =========================================================================================================================

         matrixcalc: Thread pinning failed with error: error in initialization of cpu core iterator, invalid socket id provided, 1
         =========================================================================================================================

1xN001:  ===============================
         Matrix computation (PBA)
         Version 2018.6 (build 20180615)
         PBA version 20180615
         2019 Feb 06 (Wed): 17:57:56
         ===============================

1xN001:  Shapes are ordered to support shape wise matrix storage
1xN001:  ------------------------------------------------------------------------------
         PBA fill limit is applied in inverse mode.
         PBA fill limit is applied on faces filled with at least 98.81% metal material.
         --------------------------------------------------------------
         detailed accuracy settings:
         --------------------------------------------------------------
         augmented fill limit:       true
         augmented fill limit value: 98.81
         automatic fill limit:       true
         early fill limit:           true
         inverse fill limit:         true
         model complexity:           0.00
         legacy 2015:                false
         fixed point accuracy:       false
         minimum point accuracy:     0
         mesh step inheritance:      false
         accuracy mode:
         ------------------------------------------------------------------------------

1xN001:  discrete edge port "1" is connected to metal material.
1xN001:  ----------------------------------------------------------------
         The following discrete edge port is connected to metal material:
         	1
         ----------------------------------------------------------------

1xN001:  =================================
         Finished matrix computation (PBA)
         =================================

1xN001:  >>>>>>>>>>>>>>>>>>>>>>>>>>>
         2019 Feb 06 (Wed): 17:58:01
         >>>>>>>>>>>>>>>>>>>>>>>>>>>



>>>>>>>>>>>>>>>>>>>>>>>>>>>
2019 Feb 06 (Wed): 17:58:04
>>>>>>>>>>>>>>>>>>>>>>>>>>>

--------------------------------
# of staircase filled cells: 0
# of staircase filled areas: 0
# of staircase filled edges: 0
# of faces above fill limit: 0
# of edges with FPBA topology: 0
--------------------------------

