*** Warning ***

This software is licensed for educational purposes only.

--------------------------------------------------------------------------------

Solver started at: 02:40 PM Thursday, 17. January 2019

  Module:  Time Domain: S-Parameter (Win 64)
  Version: 2018.6 Release from 2018-06-15 (change 610495)



--------------------------------------------------------------------------------


--------------------------------------------------------------------------------
======================================================================
 Solver cycle: 1
======================================================================

Stimulation at discrete port 1 



--------------------------------------------------------------------------------
Units settings: 

  Dimensions: mm
  Frequency:  GHz
  Time:       ns

--------------------------------------------------------------------------------
The following discrete edge port is connected to metal material:
	1

--------------------------------------------------------------------------------
Mesh statistics:

   Hexahedral mesh type: PBA [accuracy enhancement is enabled]

   Parallelization type: domain decomposition
      Number of parallel working threads: 2
      Number of calculation domains used: 2

   PBA fill limit: 99.00% (inverse)



--------------------------------------------------------------------------------
Boundary conditions: 

  YZsymmetry: none
  XZsymmetry: none
  XYsymmetry: none

  Xmin: expanded open, 4 Layer, depth 37.5736 mm
  Xmax: expanded open, 4 Layer, depth 37.5736 mm

  Ymin: expanded open, 4 Layer, depth 37.5736 mm
  Ymax: expanded open, 4 Layer, depth 37.5736 mm

  Zmin: expanded open, 4 Layer, depth 37.5736 mm
  Zmax: expanded open, 4 Layer, depth 37.5736 mm

  PML-Type: Convolution PML

--------------------------------------------------------------------------------
Frequency settings: 

  Fmin:         0.5
  Fmax:         1.5
  Nfsteps(lin): 1001

--------------------------------------------------------------------------------
Port: 1

  Discrete element, reference impedance = 50 Ohm

--------------------------------------------------------------------------------
Field update statistics:

  Number of components in total: 	396030

Subcycling state:      Automatically deactivated

--------------------------------------------------------------------------------


--------------------------------------------------------------------------------

--------------------------------------------------------------------------------
Steady state energy criterion met, solver finished successfully.

--------------------------------------------------------------------------------
Frequency domain results normalized to default signal.


--------------------------------------------------------------------------------

  ----------------------------------------------------------------------------
                      Peak memory used (kB)         Free physical memory (kB) 
                                                    At begin     Minimum      
  ----------------------------------------------------------------------------
  CAD preparation     20556                         5007720      5007720      
  Matrices calc.      71828                         4973520      4966012      
  Solver run total    45284                         5033876      4978652      
  ----------------------------------------------------------------------------

--------------------------------------------------------------------------------
Solver Statistics:

  Hardware:
     Computer name:                 	DESKTOP-N89I2CN 

     Number of CPU threads:             4
     Hardware info:                  	Hardware Accelerator Device not activated

  Number of mesh cells:             	63488
  Excitation duration:              	7.10909750e+000 ns 
  Calculation time for excitation:  	25 	s
  Number of calculated pulse widths:	1.25452 
  Steady state accuracy limit:      	-40	dB 
  Simulated number of time steps:   	14320 
  Maximum number of time steps:     	228294 
  Time step width:
     without subcycles:             	6.22800371e-004 ns
     used:                          	6.22800371e-004 ns

  CAD preparation time:          	0      	s
  Matrix calculation time:          	7 	s
  Solver setup time:                	3 	s
  Solver loop time:                 	32 	s
  Solver post processing time:      	0 	s
                                    	------------
  Total solver time:                	42 	s

--------------------------------------------------------------------------------

  Adaptive port meshing time:       	0      	s
  Total solver time (all cycles):   	43     	s
                                    	------------
  Total simulation time:            	43     	s

--------------------------------------------------------------------------------
Solver finished at: 02:40 PM Thursday, 17. January 2019



--------------------------------------------------------------------------------
Creating parametric 1D results for Run ID 1

--------------------------------------------------------------------------------
