Unknown:
C:\Users\ThomasNotebook\Documents\School\Semester5\hf1\Homework\Bericht\Simulationen\CloverLeaf\Result\farfield (f=915)2D_1.ffp
C:\Users\ThomasNotebook\Documents\School\Semester5\hf1\Homework\Bericht\Simulationen\CloverLeaf\Result\farfield (f=915)2D_2.ffp
C:\Users\ThomasNotebook\Documents\School\Semester5\hf1\Homework\Bericht\Simulationen\CloverLeaf\Result\farfield (f=915)_1.fme
C:\Users\ThomasNotebook\Documents\School\Semester5\hf1\Homework\Bericht\Simulationen\CloverLeaf\Result\farfield (f=915)_2.fme
C:\Users\ThomasNotebook\Documents\School\Semester5\hf1\Homework\Bericht\Simulationen\CloverLeaf\Result\MCalc-Facets-1xN.log
C:\Users\ThomasNotebook\Documents\School\Semester5\hf1\Homework\Bericht\Simulationen\CloverLeaf\Result\MCalc-Facets-PP.log
C:\Users\ThomasNotebook\Documents\School\Semester5\hf1\Homework\Bericht\Simulationen\CloverLeaf\Result\MCalc.ddi
C:\Users\ThomasNotebook\Documents\School\Semester5\hf1\Homework\Bericht\Simulationen\CloverLeaf\Result\MCalc.log
C:\Users\ThomasNotebook\Documents\School\Semester5\hf1\Homework\Bericht\Simulationen\CloverLeaf\Result\MCalc^Diagnostics.log
C:\Users\ThomasNotebook\Documents\School\Semester5\hf1\Homework\Bericht\Simulationen\CloverLeaf\Result\Model.axg
C:\Users\ThomasNotebook\Documents\School\Semester5\hf1\Homework\Bericht\Simulationen\CloverLeaf\Result\Model.ddi
C:\Users\ThomasNotebook\Documents\School\Semester5\hf1\Homework\Bericht\Simulationen\CloverLeaf\Result\Model.inf
C:\Users\ThomasNotebook\Documents\School\Semester5\hf1\Homework\Bericht\Simulationen\CloverLeaf\Result\Model.log
C:\Users\ThomasNotebook\Documents\School\Semester5\hf1\Homework\Bericht\Simulationen\CloverLeaf\Result\Model.sa
C:\Users\ThomasNotebook\Documents\School\Semester5\hf1\Homework\Bericht\Simulationen\CloverLeaf\Result\m^fifx.dsc
C:\Users\ThomasNotebook\Documents\School\Semester5\hf1\Homework\Bericht\Simulationen\CloverLeaf\Result\m^fqq.dsc
C:\Users\ThomasNotebook\Documents\School\Semester5\hf1\Homework\Bericht\Simulationen\CloverLeaf\Result\Ports.web
C:\Users\ThomasNotebook\Documents\School\Semester5\hf1\Homework\Bericht\Simulationen\CloverLeaf\Result\p^a.dsc
C:\Users\ThomasNotebook\Documents\School\Semester5\hf1\Homework\Bericht\Simulationen\CloverLeaf\Result\P^m^fbqq.slog
C:\Users\ThomasNotebook\Documents\School\Semester5\hf1\Homework\Bericht\Simulationen\CloverLeaf\Result\P^m^fqq.slog
C:\Users\ThomasNotebook\Documents\School\Semester5\hf1\Homework\Bericht\Simulationen\CloverLeaf\Result\P^p^m.slog
C:\Users\ThomasNotebook\Documents\School\Semester5\hf1\Homework\Bericht\Simulationen\CloverLeaf\Result\P^s^pm.slog
Mesh:
C:\Users\ThomasNotebook\Documents\School\Semester5\hf1\Homework\Bericht\Simulationen\CloverLeaf\Result\dA.mat
C:\Users\ThomasNotebook\Documents\School\Semester5\hf1\Homework\Bericht\Simulationen\CloverLeaf\Result\dad.mat
C:\Users\ThomasNotebook\Documents\School\Semester5\hf1\Homework\Bericht\Simulationen\CloverLeaf\Result\ds.mat
C:\Users\ThomasNotebook\Documents\School\Semester5\hf1\Homework\Bericht\Simulationen\CloverLeaf\Result\dsd.mat
C:\Users\ThomasNotebook\Documents\School\Semester5\hf1\Homework\Bericht\Simulationen\CloverLeaf\Result\dsMCalc.mat
C:\Users\ThomasNotebook\Documents\School\Semester5\hf1\Homework\Bericht\Simulationen\CloverLeaf\Result\Eps.mat
C:\Users\ThomasNotebook\Documents\School\Semester5\hf1\Homework\Bericht\Simulationen\CloverLeaf\Result\HexMatrix.m2h
C:\Users\ThomasNotebook\Documents\School\Semester5\hf1\Homework\Bericht\Simulationen\CloverLeaf\Result\HexMatrix^f^d^1.m2h
C:\Users\ThomasNotebook\Documents\School\Semester5\hf1\Homework\Bericht\Simulationen\CloverLeaf\Result\HexMatrix^f^n^1.m2h
C:\Users\ThomasNotebook\Documents\School\Semester5\hf1\Homework\Bericht\Simulationen\CloverLeaf\Result\HexMatrix_MCalc.m2h
C:\Users\ThomasNotebook\Documents\School\Semester5\hf1\Homework\Bericht\Simulationen\CloverLeaf\Result\MCalc.fmp
C:\Users\ThomasNotebook\Documents\School\Semester5\hf1\Homework\Bericht\Simulationen\CloverLeaf\Result\MCalc.xcfd
C:\Users\ThomasNotebook\Documents\School\Semester5\hf1\Homework\Bericht\Simulationen\CloverLeaf\Result\Meta.m2h
C:\Users\ThomasNotebook\Documents\School\Semester5\hf1\Homework\Bericht\Simulationen\CloverLeaf\Result\Model.fmf
C:\Users\ThomasNotebook\Documents\School\Semester5\hf1\Homework\Bericht\Simulationen\CloverLeaf\Result\Model.fmm
C:\Users\ThomasNotebook\Documents\School\Semester5\hf1\Homework\Bericht\Simulationen\CloverLeaf\Result\Model.fpc
C:\Users\ThomasNotebook\Documents\School\Semester5\hf1\Homework\Bericht\Simulationen\CloverLeaf\Result\Model.fsi
C:\Users\ThomasNotebook\Documents\School\Semester5\hf1\Homework\Bericht\Simulationen\CloverLeaf\Result\Model.fwf
C:\Users\ThomasNotebook\Documents\School\Semester5\hf1\Homework\Bericht\Simulationen\CloverLeaf\Result\Model.mss
C:\Users\ThomasNotebook\Documents\School\Semester5\hf1\Homework\Bericht\Simulationen\CloverLeaf\Result\Model.spi
C:\Users\ThomasNotebook\Documents\School\Semester5\hf1\Homework\Bericht\Simulationen\CloverLeaf\Result\Model.xcfd
C:\Users\ThomasNotebook\Documents\School\Semester5\hf1\Homework\Bericht\Simulationen\CloverLeaf\Result\Model^PEC.fpf
C:\Users\ThomasNotebook\Documents\School\Semester5\hf1\Homework\Bericht\Simulationen\CloverLeaf\Result\Mue.mat
C:\Users\ThomasNotebook\Documents\School\Semester5\hf1\Homework\Bericht\Simulationen\CloverLeaf\Result\m^fifx.mem
C:\Users\ThomasNotebook\Documents\School\Semester5\hf1\Homework\Bericht\Simulationen\CloverLeaf\Result\m^fqq.mem
C:\Users\ThomasNotebook\Documents\School\Semester5\hf1\Homework\Bericht\Simulationen\CloverLeaf\Result\PEC.mat
C:\Users\ThomasNotebook\Documents\School\Semester5\hf1\Homework\Bericht\Simulationen\CloverLeaf\Result\Ports.fpt
C:\Users\ThomasNotebook\Documents\School\Semester5\hf1\Homework\Bericht\Simulationen\CloverLeaf\Result\PP.fsi
C:\Users\ThomasNotebook\Documents\School\Semester5\hf1\Homework\Bericht\Simulationen\CloverLeaf\Result\p^a.mem
C:\Users\ThomasNotebook\Documents\School\Semester5\hf1\Homework\Bericht\Simulationen\CloverLeaf\Result\p^m.mem
C:\Users\ThomasNotebook\Documents\School\Semester5\hf1\Homework\Bericht\Simulationen\CloverLeaf\Result\S2HMatrix.m2h
C:\Users\ThomasNotebook\Documents\School\Semester5\hf1\Homework\Bericht\Simulationen\CloverLeaf\Result\s^pm.mem
Port:
C:\Users\ThomasNotebook\Documents\School\Semester5\hf1\Homework\Bericht\Simulationen\CloverLeaf\Result\Model.pmi
