<<<<<<<<<<<<<<<<<<<<<<<<<<<
2019 Feb 08 (Fri): 22:48:55
<<<<<<<<<<<<<<<<<<<<<<<<<<<

=========================================================================================================================
matrixcalc: Thread pinning failed with error: error in initialization of cpu core iterator, invalid socket id provided, 1
=========================================================================================================================

========================================================================
Processing CAD model (for field results)
	[Improved internal geometry representation]
	[Accuracy improvement for long shapes in inhomogeneous mesh regions]
Version 2018.6 (build 20180615)
PBA version 20180615
2019 Feb 08 (Fri): 22:48:55
========================================================================

===========================================
Finished CAD processing (for field results)
===========================================

========================================================================
Processing CAD model (for field results)
	[Improved internal geometry representation]
	[Accuracy improvement for long shapes in inhomogeneous mesh regions]
Version 2018.6 (build 20180615)
PBA version 20180615
2019 Feb 08 (Fri): 22:48:55
========================================================================

===========================================
Finished CAD processing (for field results)
===========================================

>>>>>>>>>>>>>>>>>>>>>>>>>>>
2019 Feb 08 (Fri): 22:48:56
>>>>>>>>>>>>>>>>>>>>>>>>>>>

